23:10:04 INFO  : Platform repository initialization has completed.
23:10:04 INFO  : Launching XSCT server: xsct -n  -interactive /home/danny/class/labs/lab11/software/iperf/temp_xsdb_launch_script.tcl
23:10:04 INFO  : Registering command handlers for Vitis TCF services
23:10:10 INFO  : XSCT server has started successfully.
23:10:11 INFO  : Successfully done setting XSCT server connection channel  
23:10:11 INFO  : plnx-install-location is set to ''
23:10:11 INFO  : Successfully done query RDI_DATADIR 
23:10:11 INFO  : Successfully done setting workspace for the tool. 
23:10:55 INFO  : Result from executing command 'getProjects': webserver_fwm_wrapper
23:10:55 INFO  : Result from executing command 'getPlatforms': 
23:10:55 WARN  : An unexpected exception occurred in the module 'platform project logging'
23:10:55 INFO  : Platform 'webserver_fwm_wrapper' is added to custom repositories.
23:11:10 INFO  : Platform 'webserver_fwm_wrapper' is added to custom repositories.
23:13:16 INFO  : Result from executing command 'getProjects': webserver_fwm_wrapper
23:13:16 INFO  : Result from executing command 'getPlatforms': webserver_fwm_wrapper|/home/danny/class/labs/lab11/software/iperf/webserver_fwm_wrapper/export/webserver_fwm_wrapper/webserver_fwm_wrapper.xpfm
23:13:19 INFO  : Checking for BSP changes to sync application flags for project 'webserver2'...
23:13:30 INFO  : Connected to target on host '127.0.0.1' and port '3121'.
23:13:34 INFO  : Jtag cable 'Digilent Zybo Z7 210351AF24E5A' is selected.
23:13:34 INFO  : 'jtag frequency' command is executed.
23:13:34 INFO  : Context for 'APU' is selected.
23:13:34 INFO  : System reset is completed.
23:13:37 INFO  : 'after 3000' command is executed.
23:13:38 INFO  : 'targets -set -filter {jtag_cable_name =~ "Digilent Zybo Z7 210351AF24E5A" && level==0 && jtag_device_ctx=="jsn-Zybo Z7-210351AF24E5A-13722093-0"}' command is executed.
23:13:40 INFO  : Device configured successfully with "/home/danny/class/labs/lab11/software/iperf/webserver2/_ide/bitstream/webserver_fwm_wrapper.bit"
23:13:43 INFO  : Context for 'APU' is selected.
23:13:43 INFO  : Connected to target on host '127.0.0.1' and port '3121'.
23:13:43 INFO  : Hardware design and registers information is loaded from '/home/danny/class/labs/lab11/software/iperf/webserver_fwm_wrapper/export/webserver_fwm_wrapper/hw/webserver_fwm_wrapper.xsa'.
23:13:43 INFO  : 'configparams force-mem-access 1' command is executed.
23:13:43 INFO  : Context for 'APU' is selected.
23:13:43 INFO  : Sourcing of '/home/danny/class/labs/lab11/software/iperf/webserver2/_ide/psinit/ps7_init.tcl' is done.
23:13:43 INFO  : 'ps7_init' command is executed.
23:13:43 INFO  : 'ps7_post_config' command is executed.
23:13:43 INFO  : Context for processor 'ps7_cortexa9_0' is selected.
23:13:44 INFO  : The application '/home/danny/class/labs/lab11/software/iperf/webserver2/Debug/webserver2.elf' is downloaded to processor 'ps7_cortexa9_0'.
23:13:44 INFO  : 'configparams force-mem-access 0' command is executed.
23:13:44 INFO  : ----------------XSDB Script----------------
connect -url tcp:127.0.0.1:3121
targets -set -nocase -filter {name =~"APU*"}
rst -system
after 3000
targets -set -filter {jtag_cable_name =~ "Digilent Zybo Z7 210351AF24E5A" && level==0 && jtag_device_ctx=="jsn-Zybo Z7-210351AF24E5A-13722093-0"}
fpga -file /home/danny/class/labs/lab11/software/iperf/webserver2/_ide/bitstream/webserver_fwm_wrapper.bit
targets -set -nocase -filter {name =~"APU*"}
loadhw -hw /home/danny/class/labs/lab11/software/iperf/webserver_fwm_wrapper/export/webserver_fwm_wrapper/hw/webserver_fwm_wrapper.xsa -mem-ranges [list {0x40000000 0xbfffffff}] -regs
configparams force-mem-access 1
targets -set -nocase -filter {name =~"APU*"}
source /home/danny/class/labs/lab11/software/iperf/webserver2/_ide/psinit/ps7_init.tcl
ps7_init
ps7_post_config
targets -set -nocase -filter {name =~ "*A9*#0"}
dow /home/danny/class/labs/lab11/software/iperf/webserver2/Debug/webserver2.elf
configparams force-mem-access 0
----------------End of Script----------------

23:13:44 INFO  : Context for processor 'ps7_cortexa9_0' is selected.
23:13:44 INFO  : 'con' command is executed.
23:13:44 INFO  : ----------------XSDB Script (After Launch)----------------
targets -set -nocase -filter {name =~ "*A9*#0"}
con
----------------End of Script----------------

23:13:44 INFO  : Launch script is exported to file '/home/danny/class/labs/lab11/software/iperf/webserver2_system/_ide/scripts/debugger_webserver2-default.tcl'
23:13:44 INFO  : Jtag cable 'Digilent Zybo Z7 210351AF24E5A' is selected.
23:13:44 INFO  : 'jtag frequency' command is executed.
23:13:44 INFO  : Context for 'APU' is selected.
23:13:44 INFO  : System reset is completed.
23:13:47 INFO  : 'after 3000' command is executed.
23:13:47 INFO  : 'targets -set -filter {jtag_cable_name =~ "Digilent Zybo Z7 210351AF24E5A" && level==0 && jtag_device_ctx=="jsn-Zybo Z7-210351AF24E5A-13722093-0"}' command is executed.
23:13:48 INFO  : Device configured successfully with "/home/danny/class/labs/lab11/software/iperf/webserver2/_ide/bitstream/webserver_fwm_wrapper.bit"
23:13:48 INFO  : Context for 'APU' is selected.
23:13:48 INFO  : Hardware design and registers information is loaded from '/home/danny/class/labs/lab11/software/iperf/webserver_fwm_wrapper/export/webserver_fwm_wrapper/hw/webserver_fwm_wrapper.xsa'.
23:13:48 INFO  : 'configparams force-mem-access 1' command is executed.
23:13:48 INFO  : Context for 'APU' is selected.
23:13:48 INFO  : Sourcing of '/home/danny/class/labs/lab11/software/iperf/webserver2/_ide/psinit/ps7_init.tcl' is done.
23:13:49 INFO  : 'ps7_init' command is executed.
23:13:49 INFO  : 'ps7_post_config' command is executed.
23:13:49 INFO  : Context for processor 'ps7_cortexa9_0' is selected.
23:13:49 INFO  : The application '/home/danny/class/labs/lab11/software/iperf/webserver2/Debug/webserver2.elf' is downloaded to processor 'ps7_cortexa9_0'.
23:13:49 INFO  : 'configparams force-mem-access 0' command is executed.
23:13:49 INFO  : ----------------XSDB Script----------------
connect -url tcp:127.0.0.1:3121
targets -set -nocase -filter {name =~"APU*"}
rst -system
after 3000
targets -set -filter {jtag_cable_name =~ "Digilent Zybo Z7 210351AF24E5A" && level==0 && jtag_device_ctx=="jsn-Zybo Z7-210351AF24E5A-13722093-0"}
fpga -file /home/danny/class/labs/lab11/software/iperf/webserver2/_ide/bitstream/webserver_fwm_wrapper.bit
targets -set -nocase -filter {name =~"APU*"}
loadhw -hw /home/danny/class/labs/lab11/software/iperf/webserver_fwm_wrapper/export/webserver_fwm_wrapper/hw/webserver_fwm_wrapper.xsa -mem-ranges [list {0x40000000 0xbfffffff}] -regs
configparams force-mem-access 1
targets -set -nocase -filter {name =~"APU*"}
source /home/danny/class/labs/lab11/software/iperf/webserver2/_ide/psinit/ps7_init.tcl
ps7_init
ps7_post_config
targets -set -nocase -filter {name =~ "*A9*#0"}
dow /home/danny/class/labs/lab11/software/iperf/webserver2/Debug/webserver2.elf
configparams force-mem-access 0
----------------End of Script----------------

23:13:49 INFO  : Context for processor 'ps7_cortexa9_0' is selected.
23:13:49 INFO  : 'con' command is executed.
23:13:49 INFO  : ----------------XSDB Script (After Launch)----------------
targets -set -nocase -filter {name =~ "*A9*#0"}
con
----------------End of Script----------------

23:13:49 INFO  : Launch script is exported to file '/home/danny/class/labs/lab11/software/iperf/webserver2_system/_ide/scripts/debugger_webserver2-default.tcl'
23:14:30 INFO  : Disconnected from the channel tcfchan#2.
23:14:31 INFO  : Connected to target on host '127.0.0.1' and port '3121'.
23:14:32 INFO  : Jtag cable 'Digilent Zybo Z7 210351AF24E5A' is selected.
23:14:32 INFO  : 'jtag frequency' command is executed.
23:14:32 INFO  : Context for 'APU' is selected.
23:14:32 INFO  : System reset is completed.
23:14:35 INFO  : 'after 3000' command is executed.
23:14:35 INFO  : 'targets -set -filter {jtag_cable_name =~ "Digilent Zybo Z7 210351AF24E5A" && level==0 && jtag_device_ctx=="jsn-Zybo Z7-210351AF24E5A-13722093-0"}' command is executed.
23:14:36 INFO  : Device configured successfully with "/home/danny/class/labs/lab11/software/iperf/webserver2/_ide/bitstream/webserver_fwm_wrapper.bit"
23:14:36 INFO  : Context for 'APU' is selected.
23:14:36 INFO  : Hardware design and registers information is loaded from '/home/danny/class/labs/lab11/software/iperf/webserver_fwm_wrapper/export/webserver_fwm_wrapper/hw/webserver_fwm_wrapper.xsa'.
23:14:36 INFO  : 'configparams force-mem-access 1' command is executed.
23:14:36 INFO  : Context for 'APU' is selected.
23:14:36 INFO  : Sourcing of '/home/danny/class/labs/lab11/software/iperf/webserver2/_ide/psinit/ps7_init.tcl' is done.
23:14:36 INFO  : 'ps7_init' command is executed.
23:14:36 INFO  : 'ps7_post_config' command is executed.
23:14:36 INFO  : Context for processor 'ps7_cortexa9_0' is selected.
23:14:37 INFO  : The application '/home/danny/class/labs/lab11/software/iperf/webserver2/Debug/webserver2.elf' is downloaded to processor 'ps7_cortexa9_0'.
23:14:37 INFO  : 'configparams force-mem-access 0' command is executed.
23:14:37 INFO  : ----------------XSDB Script----------------
connect -url tcp:127.0.0.1:3121
targets -set -nocase -filter {name =~"APU*"}
rst -system
after 3000
targets -set -filter {jtag_cable_name =~ "Digilent Zybo Z7 210351AF24E5A" && level==0 && jtag_device_ctx=="jsn-Zybo Z7-210351AF24E5A-13722093-0"}
fpga -file /home/danny/class/labs/lab11/software/iperf/webserver2/_ide/bitstream/webserver_fwm_wrapper.bit
targets -set -nocase -filter {name =~"APU*"}
loadhw -hw /home/danny/class/labs/lab11/software/iperf/webserver_fwm_wrapper/export/webserver_fwm_wrapper/hw/webserver_fwm_wrapper.xsa -mem-ranges [list {0x40000000 0xbfffffff}] -regs
configparams force-mem-access 1
targets -set -nocase -filter {name =~"APU*"}
source /home/danny/class/labs/lab11/software/iperf/webserver2/_ide/psinit/ps7_init.tcl
ps7_init
ps7_post_config
targets -set -nocase -filter {name =~ "*A9*#0"}
dow /home/danny/class/labs/lab11/software/iperf/webserver2/Debug/webserver2.elf
configparams force-mem-access 0
----------------End of Script----------------

23:14:37 INFO  : Context for processor 'ps7_cortexa9_0' is selected.
23:14:37 INFO  : 'con' command is executed.
23:14:37 INFO  : ----------------XSDB Script (After Launch)----------------
targets -set -nocase -filter {name =~ "*A9*#0"}
con
----------------End of Script----------------

23:14:37 INFO  : Launch script is exported to file '/home/danny/class/labs/lab11/software/iperf/webserver2_system/_ide/scripts/debugger_webserver2-default.tcl'
23:15:40 INFO  : Disconnected from the channel tcfchan#3.
