17:05:02 INFO  : Launching XSCT server: xsct -n  -interactive /home/danny/class/labs/lab11/software/lwip_1/temp_xsdb_launch_script.tcl
17:05:02 INFO  : Platform repository initialization has completed.
17:05:04 INFO  : Registering command handlers for Vitis TCF services
17:05:17 INFO  : XSCT server has started successfully.
17:05:19 INFO  : plnx-install-location is set to ''
17:05:19 INFO  : Successfully done setting XSCT server connection channel  
17:05:19 INFO  : Successfully done query RDI_DATADIR 
17:05:19 INFO  : Successfully done setting workspace for the tool. 
17:06:28 INFO  : Result from executing command 'getProjects': webserver_fwm_wrapper
17:06:28 INFO  : Result from executing command 'getPlatforms': 
17:06:28 WARN  : An unexpected exception occurred in the module 'platform project logging'
17:06:29 INFO  : Platform 'webserver_fwm_wrapper' is added to custom repositories.
17:06:42 INFO  : Platform 'webserver_fwm_wrapper' is added to custom repositories.
17:10:28 INFO  : Result from executing command 'getProjects': webserver_fwm_wrapper
17:10:28 INFO  : Result from executing command 'getPlatforms': webserver_fwm_wrapper|/home/danny/class/labs/lab11/software/lwip_1/webserver_fwm_wrapper/export/webserver_fwm_wrapper/webserver_fwm_wrapper.xpfm
17:10:31 INFO  : Checking for BSP changes to sync application flags for project 'webserver'...
17:15:49 INFO  : Connected to target on host '127.0.0.1' and port '3121'.
17:15:49 INFO  : Jtag cable 'Digilent Zybo Z7 210351AF24E5A' is selected.
17:15:49 INFO  : 'jtag frequency' command is executed.
17:15:49 INFO  : Context for 'APU' is selected.
17:15:49 INFO  : System reset is completed.
17:15:52 INFO  : 'after 3000' command is executed.
17:15:53 INFO  : 'targets -set -filter {jtag_cable_name =~ "Digilent Zybo Z7 210351AF24E5A" && level==0 && jtag_device_ctx=="jsn-Zybo Z7-210351AF24E5A-13722093-0"}' command is executed.
17:15:54 INFO  : Device configured successfully with "/home/danny/class/labs/lab11/software/lwip_1/webserver/_ide/bitstream/webserver_fwm_wrapper.bit"
17:15:54 INFO  : Context for 'APU' is selected.
17:15:54 INFO  : Hardware design and registers information is loaded from '/home/danny/class/labs/lab11/software/lwip_1/webserver_fwm_wrapper/export/webserver_fwm_wrapper/hw/webserver_fwm_wrapper.xsa'.
17:15:54 INFO  : 'configparams force-mem-access 1' command is executed.
17:15:54 INFO  : Context for 'APU' is selected.
17:15:54 INFO  : Sourcing of '/home/danny/class/labs/lab11/software/lwip_1/webserver/_ide/psinit/ps7_init.tcl' is done.
17:15:54 INFO  : 'ps7_init' command is executed.
17:15:54 INFO  : 'ps7_post_config' command is executed.
17:15:54 INFO  : Context for processor 'ps7_cortexa9_0' is selected.
17:15:55 INFO  : The application '/home/danny/class/labs/lab11/software/lwip_1/webserver/Debug/webserver.elf' is downloaded to processor 'ps7_cortexa9_0'.
17:15:55 INFO  : 'configparams force-mem-access 0' command is executed.
17:15:55 INFO  : ----------------XSDB Script----------------
connect -url tcp:127.0.0.1:3121
targets -set -nocase -filter {name =~"APU*"}
rst -system
after 3000
targets -set -filter {jtag_cable_name =~ "Digilent Zybo Z7 210351AF24E5A" && level==0 && jtag_device_ctx=="jsn-Zybo Z7-210351AF24E5A-13722093-0"}
fpga -file /home/danny/class/labs/lab11/software/lwip_1/webserver/_ide/bitstream/webserver_fwm_wrapper.bit
targets -set -nocase -filter {name =~"APU*"}
loadhw -hw /home/danny/class/labs/lab11/software/lwip_1/webserver_fwm_wrapper/export/webserver_fwm_wrapper/hw/webserver_fwm_wrapper.xsa -mem-ranges [list {0x40000000 0xbfffffff}] -regs
configparams force-mem-access 1
targets -set -nocase -filter {name =~"APU*"}
source /home/danny/class/labs/lab11/software/lwip_1/webserver/_ide/psinit/ps7_init.tcl
ps7_init
ps7_post_config
targets -set -nocase -filter {name =~ "*A9*#0"}
dow /home/danny/class/labs/lab11/software/lwip_1/webserver/Debug/webserver.elf
configparams force-mem-access 0
----------------End of Script----------------

17:15:55 INFO  : Context for processor 'ps7_cortexa9_0' is selected.
17:15:55 INFO  : 'con' command is executed.
17:15:55 INFO  : ----------------XSDB Script (After Launch)----------------
targets -set -nocase -filter {name =~ "*A9*#0"}
con
----------------End of Script----------------

17:15:55 INFO  : Launch script is exported to file '/home/danny/class/labs/lab11/software/lwip_1/webserver_system/_ide/scripts/debugger_webserver-default.tcl'
17:16:19 INFO  : Disconnected from the channel tcfchan#2.
17:16:20 INFO  : Connected to target on host '127.0.0.1' and port '3121'.
17:16:30 INFO  : ----------------XSDB Script----------------
connect -url tcp:127.0.0.1:3121
----------------End of Script----------------

17:16:30 ERROR : Could not find ARM device on the board for connection 'Local'.
Check if the target is in:
1. Split JTAG - No operations are possible with ARM DAP.
2. Non JTAG bootmode - Bootrom may need time to enable DAP.
Please try again.


Troubleshooting hints:
1. Check whether board is connected to system properly.
2. In case of zynq board, check whether Digilent/Xilinx cable switch settings are correct.
3. If you are using Xilinx Platform Cable USB, ensure that status LED is green.
17:22:56 INFO  : Connected to target on host '127.0.0.1' and port '3121'.
17:22:56 INFO  : Jtag cable 'Digilent Zybo Z7 210351AF24E5A' is selected.
17:22:56 INFO  : 'jtag frequency' command is executed.
17:22:56 INFO  : Context for 'APU' is selected.
17:22:56 INFO  : System reset is completed.
17:22:59 INFO  : 'after 3000' command is executed.
17:22:59 INFO  : 'targets -set -filter {jtag_cable_name =~ "Digilent Zybo Z7 210351AF24E5A" && level==0 && jtag_device_ctx=="jsn-Zybo Z7-210351AF24E5A-13722093-0"}' command is executed.
17:23:01 INFO  : Device configured successfully with "/home/danny/class/labs/lab11/software/lwip_1/webserver/_ide/bitstream/webserver_fwm_wrapper.bit"
17:23:01 INFO  : Connected to target on host '127.0.0.1' and port '3121'.
17:23:01 INFO  : Context for 'APU' is selected.
17:23:01 INFO  : Hardware design and registers information is loaded from '/home/danny/class/labs/lab11/software/lwip_1/webserver_fwm_wrapper/export/webserver_fwm_wrapper/hw/webserver_fwm_wrapper.xsa'.
17:23:01 INFO  : 'configparams force-mem-access 1' command is executed.
17:23:01 INFO  : Context for 'APU' is selected.
17:23:01 INFO  : Sourcing of '/home/danny/class/labs/lab11/software/lwip_1/webserver/_ide/psinit/ps7_init.tcl' is done.
17:23:01 INFO  : 'ps7_init' command is executed.
17:23:01 INFO  : 'ps7_post_config' command is executed.
17:23:01 INFO  : Context for processor 'ps7_cortexa9_0' is selected.
17:23:02 INFO  : The application '/home/danny/class/labs/lab11/software/lwip_1/webserver/Debug/webserver.elf' is downloaded to processor 'ps7_cortexa9_0'.
17:23:02 INFO  : 'configparams force-mem-access 0' command is executed.
17:23:02 INFO  : ----------------XSDB Script----------------
connect -url tcp:127.0.0.1:3121
targets -set -nocase -filter {name =~"APU*"}
rst -system
after 3000
targets -set -filter {jtag_cable_name =~ "Digilent Zybo Z7 210351AF24E5A" && level==0 && jtag_device_ctx=="jsn-Zybo Z7-210351AF24E5A-13722093-0"}
fpga -file /home/danny/class/labs/lab11/software/lwip_1/webserver/_ide/bitstream/webserver_fwm_wrapper.bit
targets -set -nocase -filter {name =~"APU*"}
loadhw -hw /home/danny/class/labs/lab11/software/lwip_1/webserver_fwm_wrapper/export/webserver_fwm_wrapper/hw/webserver_fwm_wrapper.xsa -mem-ranges [list {0x40000000 0xbfffffff}] -regs
configparams force-mem-access 1
targets -set -nocase -filter {name =~"APU*"}
source /home/danny/class/labs/lab11/software/lwip_1/webserver/_ide/psinit/ps7_init.tcl
ps7_init
ps7_post_config
targets -set -nocase -filter {name =~ "*A9*#0"}
dow /home/danny/class/labs/lab11/software/lwip_1/webserver/Debug/webserver.elf
configparams force-mem-access 0
----------------End of Script----------------

17:23:02 INFO  : Context for processor 'ps7_cortexa9_0' is selected.
17:23:02 INFO  : Jtag cable 'Digilent Zybo Z7 210351AF24E5A' is selected.
17:23:02 INFO  : 'con' command is executed.
17:23:02 INFO  : ----------------XSDB Script (After Launch)----------------
targets -set -nocase -filter {name =~ "*A9*#0"}
con
----------------End of Script----------------

17:23:02 INFO  : Launch script is exported to file '/home/danny/class/labs/lab11/software/lwip_1/webserver_system/_ide/scripts/debugger_webserver-default.tcl'
17:23:02 INFO  : 'jtag frequency' command is executed.
17:23:02 INFO  : Context for 'APU' is selected.
17:23:02 INFO  : System reset is completed.
17:23:05 INFO  : 'after 3000' command is executed.
17:23:05 INFO  : 'targets -set -filter {jtag_cable_name =~ "Digilent Zybo Z7 210351AF24E5A" && level==0 && jtag_device_ctx=="jsn-Zybo Z7-210351AF24E5A-13722093-0"}' command is executed.
17:23:06 INFO  : Device configured successfully with "/home/danny/class/labs/lab11/software/lwip_1/webserver/_ide/bitstream/webserver_fwm_wrapper.bit"
17:23:06 INFO  : Context for 'APU' is selected.
17:23:06 INFO  : Hardware design and registers information is loaded from '/home/danny/class/labs/lab11/software/lwip_1/webserver_fwm_wrapper/export/webserver_fwm_wrapper/hw/webserver_fwm_wrapper.xsa'.
17:23:06 INFO  : 'configparams force-mem-access 1' command is executed.
17:23:06 INFO  : Context for 'APU' is selected.
17:23:06 INFO  : Sourcing of '/home/danny/class/labs/lab11/software/lwip_1/webserver/_ide/psinit/ps7_init.tcl' is done.
17:23:07 INFO  : 'ps7_init' command is executed.
17:23:07 INFO  : 'ps7_post_config' command is executed.
17:23:07 INFO  : Context for processor 'ps7_cortexa9_0' is selected.
17:23:07 INFO  : The application '/home/danny/class/labs/lab11/software/lwip_1/webserver/Debug/webserver.elf' is downloaded to processor 'ps7_cortexa9_0'.
17:23:07 INFO  : 'configparams force-mem-access 0' command is executed.
17:23:07 INFO  : ----------------XSDB Script----------------
connect -url tcp:127.0.0.1:3121
targets -set -nocase -filter {name =~"APU*"}
rst -system
after 3000
targets -set -filter {jtag_cable_name =~ "Digilent Zybo Z7 210351AF24E5A" && level==0 && jtag_device_ctx=="jsn-Zybo Z7-210351AF24E5A-13722093-0"}
fpga -file /home/danny/class/labs/lab11/software/lwip_1/webserver/_ide/bitstream/webserver_fwm_wrapper.bit
targets -set -nocase -filter {name =~"APU*"}
loadhw -hw /home/danny/class/labs/lab11/software/lwip_1/webserver_fwm_wrapper/export/webserver_fwm_wrapper/hw/webserver_fwm_wrapper.xsa -mem-ranges [list {0x40000000 0xbfffffff}] -regs
configparams force-mem-access 1
targets -set -nocase -filter {name =~"APU*"}
source /home/danny/class/labs/lab11/software/lwip_1/webserver/_ide/psinit/ps7_init.tcl
ps7_init
ps7_post_config
targets -set -nocase -filter {name =~ "*A9*#0"}
dow /home/danny/class/labs/lab11/software/lwip_1/webserver/Debug/webserver.elf
configparams force-mem-access 0
----------------End of Script----------------

17:23:07 INFO  : Context for processor 'ps7_cortexa9_0' is selected.
17:23:07 INFO  : 'con' command is executed.
17:23:07 INFO  : ----------------XSDB Script (After Launch)----------------
targets -set -nocase -filter {name =~ "*A9*#0"}
con
----------------End of Script----------------

17:23:07 INFO  : Launch script is exported to file '/home/danny/class/labs/lab11/software/lwip_1/webserver_system/_ide/scripts/debugger_webserver-default.tcl'
17:23:43 INFO  : Disconnected from the channel tcfchan#3.
17:23:44 INFO  : Connected to target on host '127.0.0.1' and port '3121'.
17:23:44 INFO  : Jtag cable 'Digilent Zybo Z7 210351AF24E5A' is selected.
17:23:44 INFO  : 'jtag frequency' command is executed.
17:23:44 INFO  : Context for 'APU' is selected.
17:23:45 INFO  : System reset is completed.
17:23:48 INFO  : 'after 3000' command is executed.
17:23:48 INFO  : 'targets -set -filter {jtag_cable_name =~ "Digilent Zybo Z7 210351AF24E5A" && level==0 && jtag_device_ctx=="jsn-Zybo Z7-210351AF24E5A-13722093-0"}' command is executed.
17:23:49 INFO  : Device configured successfully with "/home/danny/class/labs/lab11/software/lwip_1/webserver/_ide/bitstream/webserver_fwm_wrapper.bit"
17:23:49 INFO  : Context for 'APU' is selected.
17:23:49 INFO  : Hardware design and registers information is loaded from '/home/danny/class/labs/lab11/software/lwip_1/webserver_fwm_wrapper/export/webserver_fwm_wrapper/hw/webserver_fwm_wrapper.xsa'.
17:23:49 INFO  : 'configparams force-mem-access 1' command is executed.
17:23:49 INFO  : Context for 'APU' is selected.
17:23:49 INFO  : Sourcing of '/home/danny/class/labs/lab11/software/lwip_1/webserver/_ide/psinit/ps7_init.tcl' is done.
17:23:49 INFO  : 'ps7_init' command is executed.
17:23:49 INFO  : 'ps7_post_config' command is executed.
17:23:49 INFO  : Context for processor 'ps7_cortexa9_0' is selected.
17:23:50 INFO  : The application '/home/danny/class/labs/lab11/software/lwip_1/webserver/Debug/webserver.elf' is downloaded to processor 'ps7_cortexa9_0'.
17:23:50 INFO  : 'configparams force-mem-access 0' command is executed.
17:23:50 INFO  : ----------------XSDB Script----------------
connect -url tcp:127.0.0.1:3121
targets -set -nocase -filter {name =~"APU*"}
rst -system
after 3000
targets -set -filter {jtag_cable_name =~ "Digilent Zybo Z7 210351AF24E5A" && level==0 && jtag_device_ctx=="jsn-Zybo Z7-210351AF24E5A-13722093-0"}
fpga -file /home/danny/class/labs/lab11/software/lwip_1/webserver/_ide/bitstream/webserver_fwm_wrapper.bit
targets -set -nocase -filter {name =~"APU*"}
loadhw -hw /home/danny/class/labs/lab11/software/lwip_1/webserver_fwm_wrapper/export/webserver_fwm_wrapper/hw/webserver_fwm_wrapper.xsa -mem-ranges [list {0x40000000 0xbfffffff}] -regs
configparams force-mem-access 1
targets -set -nocase -filter {name =~"APU*"}
source /home/danny/class/labs/lab11/software/lwip_1/webserver/_ide/psinit/ps7_init.tcl
ps7_init
ps7_post_config
targets -set -nocase -filter {name =~ "*A9*#0"}
dow /home/danny/class/labs/lab11/software/lwip_1/webserver/Debug/webserver.elf
configparams force-mem-access 0
----------------End of Script----------------

17:23:50 INFO  : Context for processor 'ps7_cortexa9_0' is selected.
17:23:50 INFO  : 'con' command is executed.
17:23:50 INFO  : ----------------XSDB Script (After Launch)----------------
targets -set -nocase -filter {name =~ "*A9*#0"}
con
----------------End of Script----------------

17:23:50 INFO  : Launch script is exported to file '/home/danny/class/labs/lab11/software/lwip_1/webserver_system/_ide/scripts/debugger_webserver-default.tcl'
17:24:25 INFO  : Disconnected from the channel tcfchan#4.
17:26:50 INFO  : Launching XSCT server: xsct -n  -interactive /home/danny/class/labs/lab11/software/lwip_1/temp_xsdb_launch_script.tcl
17:26:51 INFO  : Platform repository initialization has completed.
17:26:54 INFO  : Registering command handlers for Vitis TCF services
17:26:56 INFO  : XSCT server has started successfully.
17:26:56 INFO  : Successfully done setting XSCT server connection channel  
17:26:56 INFO  : Successfully done setting workspace for the tool. 
17:26:56 INFO  : plnx-install-location is set to ''
17:26:56 INFO  : Successfully done query RDI_DATADIR 
17:27:21 INFO  : Checking for BSP changes to sync application flags for project 'webserver'...
17:27:42 INFO  : Connected to target on host '127.0.0.1' and port '3121'.
17:27:42 INFO  : Jtag cable 'Digilent Zybo Z7 210351AF24E5A' is selected.
17:27:42 INFO  : 'jtag frequency' command is executed.
17:27:42 INFO  : Context for 'APU' is selected.
17:27:42 INFO  : System reset is completed.
17:27:45 INFO  : 'after 3000' command is executed.
17:27:46 INFO  : 'targets -set -filter {jtag_cable_name =~ "Digilent Zybo Z7 210351AF24E5A" && level==0 && jtag_device_ctx=="jsn-Zybo Z7-210351AF24E5A-13722093-0"}' command is executed.
17:27:47 INFO  : Device configured successfully with "/home/danny/class/labs/lab11/software/lwip_1/webserver/_ide/bitstream/webserver_fwm_wrapper.bit"
17:27:47 INFO  : Context for 'APU' is selected.
17:27:47 INFO  : Hardware design and registers information is loaded from '/home/danny/class/labs/lab11/software/lwip_1/webserver_fwm_wrapper/export/webserver_fwm_wrapper/hw/webserver_fwm_wrapper.xsa'.
17:27:47 INFO  : 'configparams force-mem-access 1' command is executed.
17:27:47 INFO  : Context for 'APU' is selected.
17:27:47 INFO  : Sourcing of '/home/danny/class/labs/lab11/software/lwip_1/webserver/_ide/psinit/ps7_init.tcl' is done.
17:27:47 INFO  : 'ps7_init' command is executed.
17:27:47 INFO  : 'ps7_post_config' command is executed.
17:27:48 INFO  : Context for processor 'ps7_cortexa9_0' is selected.
17:27:48 INFO  : The application '/home/danny/class/labs/lab11/software/lwip_1/webserver/Debug/webserver.elf' is downloaded to processor 'ps7_cortexa9_0'.
17:27:48 INFO  : 'configparams force-mem-access 0' command is executed.
17:27:48 INFO  : ----------------XSDB Script----------------
connect -url tcp:127.0.0.1:3121
targets -set -nocase -filter {name =~"APU*"}
rst -system
after 3000
targets -set -filter {jtag_cable_name =~ "Digilent Zybo Z7 210351AF24E5A" && level==0 && jtag_device_ctx=="jsn-Zybo Z7-210351AF24E5A-13722093-0"}
fpga -file /home/danny/class/labs/lab11/software/lwip_1/webserver/_ide/bitstream/webserver_fwm_wrapper.bit
targets -set -nocase -filter {name =~"APU*"}
loadhw -hw /home/danny/class/labs/lab11/software/lwip_1/webserver_fwm_wrapper/export/webserver_fwm_wrapper/hw/webserver_fwm_wrapper.xsa -mem-ranges [list {0x40000000 0xbfffffff}] -regs
configparams force-mem-access 1
targets -set -nocase -filter {name =~"APU*"}
source /home/danny/class/labs/lab11/software/lwip_1/webserver/_ide/psinit/ps7_init.tcl
ps7_init
ps7_post_config
targets -set -nocase -filter {name =~ "*A9*#0"}
dow /home/danny/class/labs/lab11/software/lwip_1/webserver/Debug/webserver.elf
configparams force-mem-access 0
----------------End of Script----------------

17:27:48 INFO  : Context for processor 'ps7_cortexa9_0' is selected.
17:27:48 INFO  : 'con' command is executed.
17:27:48 INFO  : ----------------XSDB Script (After Launch)----------------
targets -set -nocase -filter {name =~ "*A9*#0"}
con
----------------End of Script----------------

17:27:48 INFO  : Launch script is exported to file '/home/danny/class/labs/lab11/software/lwip_1/webserver_system/_ide/scripts/debugger_webserver-default.tcl'
19:37:43 INFO  : Disconnected from the channel tcfchan#1.
12:01:39 INFO  : Launching XSCT server: xsct -n  -interactive /home/danny/class/labs/lab11/software/lwip_1/temp_xsdb_launch_script.tcl
12:01:42 INFO  : Platform repository initialization has completed.
12:01:47 INFO  : Registering command handlers for Vitis TCF services
12:01:52 INFO  : XSCT server has started successfully.
12:01:52 INFO  : Successfully done setting XSCT server connection channel  
12:01:54 INFO  : plnx-install-location is set to ''
12:01:54 INFO  : Successfully done query RDI_DATADIR 
12:01:54 INFO  : Successfully done setting workspace for the tool. 
12:07:52 INFO  : Connected to target on host '127.0.0.1' and port '3121'.
12:07:56 INFO  : Jtag cable 'Digilent Zybo Z7 210351AF24E5A' is selected.
12:07:56 INFO  : 'jtag frequency' command is executed.
12:08:00 INFO  : Context for 'APU' is selected.
12:08:00 INFO  : System reset is completed.
12:08:03 INFO  : 'after 3000' command is executed.
12:08:04 INFO  : 'targets -set -filter {jtag_cable_name =~ "Digilent Zybo Z7 210351AF24E5A" && level==0 && jtag_device_ctx=="jsn-Zybo Z7-210351AF24E5A-13722093-0"}' command is executed.
12:08:06 INFO  : Device configured successfully with "/home/danny/class/labs/lab11/software/lwip_1/webserver/_ide/bitstream/webserver_fwm_wrapper.bit"
12:08:06 INFO  : Context for 'APU' is selected.
12:08:06 INFO  : Hardware design and registers information is loaded from '/home/danny/class/labs/lab11/software/lwip_1/webserver_fwm_wrapper/export/webserver_fwm_wrapper/hw/webserver_fwm_wrapper.xsa'.
12:08:06 INFO  : 'configparams force-mem-access 1' command is executed.
12:08:06 INFO  : Context for 'APU' is selected.
12:08:06 INFO  : Sourcing of '/home/danny/class/labs/lab11/software/lwip_1/webserver/_ide/psinit/ps7_init.tcl' is done.
12:08:06 INFO  : 'ps7_init' command is executed.
12:08:06 INFO  : 'ps7_post_config' command is executed.
12:08:06 INFO  : Context for processor 'ps7_cortexa9_0' is selected.
12:08:06 INFO  : The application '/home/danny/class/labs/lab11/software/lwip_1/webserver/Debug/webserver.elf' is downloaded to processor 'ps7_cortexa9_0'.
12:08:07 INFO  : 'configparams force-mem-access 0' command is executed.
12:08:07 INFO  : ----------------XSDB Script----------------
connect -url tcp:127.0.0.1:3121
targets -set -nocase -filter {name =~"APU*"}
rst -system
after 3000
targets -set -filter {jtag_cable_name =~ "Digilent Zybo Z7 210351AF24E5A" && level==0 && jtag_device_ctx=="jsn-Zybo Z7-210351AF24E5A-13722093-0"}
fpga -file /home/danny/class/labs/lab11/software/lwip_1/webserver/_ide/bitstream/webserver_fwm_wrapper.bit
targets -set -nocase -filter {name =~"APU*"}
loadhw -hw /home/danny/class/labs/lab11/software/lwip_1/webserver_fwm_wrapper/export/webserver_fwm_wrapper/hw/webserver_fwm_wrapper.xsa -mem-ranges [list {0x40000000 0xbfffffff}] -regs
configparams force-mem-access 1
targets -set -nocase -filter {name =~"APU*"}
source /home/danny/class/labs/lab11/software/lwip_1/webserver/_ide/psinit/ps7_init.tcl
ps7_init
ps7_post_config
targets -set -nocase -filter {name =~ "*A9*#0"}
dow /home/danny/class/labs/lab11/software/lwip_1/webserver/Debug/webserver.elf
configparams force-mem-access 0
----------------End of Script----------------

12:08:07 INFO  : Context for processor 'ps7_cortexa9_0' is selected.
12:08:07 INFO  : 'con' command is executed.
12:08:07 INFO  : ----------------XSDB Script (After Launch)----------------
targets -set -nocase -filter {name =~ "*A9*#0"}
con
----------------End of Script----------------

12:08:07 INFO  : Launch script is exported to file '/home/danny/class/labs/lab11/software/lwip_1/webserver_system/_ide/scripts/debugger_webserver-default.tcl'
12:10:58 INFO  : Disconnected from the channel tcfchan#1.
12:10:59 INFO  : Connected to target on host '127.0.0.1' and port '3121'.
12:11:08 INFO  : ----------------XSDB Script----------------
connect -url tcp:127.0.0.1:3121
----------------End of Script----------------

12:11:08 ERROR : Could not find ARM device on the board for connection 'Local'.
Check if the target is in:
1. Split JTAG - No operations are possible with ARM DAP.
2. Non JTAG bootmode - Bootrom may need time to enable DAP.
Please try again.


Troubleshooting hints:
1. Check whether board is connected to system properly.
2. In case of zynq board, check whether Digilent/Xilinx cable switch settings are correct.
3. If you are using Xilinx Platform Cable USB, ensure that status LED is green.
12:11:33 INFO  : Connected to target on host '127.0.0.1' and port '3121'.
12:11:33 INFO  : Jtag cable 'Digilent Zybo Z7 210351AF24E5A' is selected.
12:11:33 INFO  : 'jtag frequency' command is executed.
12:11:33 INFO  : Context for 'APU' is selected.
12:11:34 INFO  : System reset is completed.
12:11:37 INFO  : 'after 3000' command is executed.
12:11:37 INFO  : 'targets -set -filter {jtag_cable_name =~ "Digilent Zybo Z7 210351AF24E5A" && level==0 && jtag_device_ctx=="jsn-Zybo Z7-210351AF24E5A-13722093-0"}' command is executed.
12:11:38 INFO  : Device configured successfully with "/home/danny/class/labs/lab11/software/lwip_1/webserver/_ide/bitstream/webserver_fwm_wrapper.bit"
12:11:38 INFO  : Context for 'APU' is selected.
12:11:40 INFO  : Hardware design and registers information is loaded from '/home/danny/class/labs/lab11/software/lwip_1/webserver_fwm_wrapper/export/webserver_fwm_wrapper/hw/webserver_fwm_wrapper.xsa'.
12:11:40 INFO  : 'configparams force-mem-access 1' command is executed.
12:11:41 INFO  : Context for 'APU' is selected.
12:11:41 INFO  : Sourcing of '/home/danny/class/labs/lab11/software/lwip_1/webserver/_ide/psinit/ps7_init.tcl' is done.
12:11:41 INFO  : 'ps7_init' command is executed.
12:11:41 INFO  : 'ps7_post_config' command is executed.
12:11:41 INFO  : Context for processor 'ps7_cortexa9_0' is selected.
12:11:41 INFO  : The application '/home/danny/class/labs/lab11/software/lwip_1/webserver/Debug/webserver.elf' is downloaded to processor 'ps7_cortexa9_0'.
12:11:41 INFO  : 'configparams force-mem-access 0' command is executed.
12:11:41 INFO  : ----------------XSDB Script----------------
connect -url tcp:127.0.0.1:3121
targets -set -nocase -filter {name =~"APU*"}
rst -system
after 3000
targets -set -filter {jtag_cable_name =~ "Digilent Zybo Z7 210351AF24E5A" && level==0 && jtag_device_ctx=="jsn-Zybo Z7-210351AF24E5A-13722093-0"}
fpga -file /home/danny/class/labs/lab11/software/lwip_1/webserver/_ide/bitstream/webserver_fwm_wrapper.bit
targets -set -nocase -filter {name =~"APU*"}
loadhw -hw /home/danny/class/labs/lab11/software/lwip_1/webserver_fwm_wrapper/export/webserver_fwm_wrapper/hw/webserver_fwm_wrapper.xsa -mem-ranges [list {0x40000000 0xbfffffff}] -regs
configparams force-mem-access 1
targets -set -nocase -filter {name =~"APU*"}
source /home/danny/class/labs/lab11/software/lwip_1/webserver/_ide/psinit/ps7_init.tcl
ps7_init
ps7_post_config
targets -set -nocase -filter {name =~ "*A9*#0"}
dow /home/danny/class/labs/lab11/software/lwip_1/webserver/Debug/webserver.elf
configparams force-mem-access 0
----------------End of Script----------------

12:11:41 INFO  : Context for processor 'ps7_cortexa9_0' is selected.
12:11:41 INFO  : 'con' command is executed.
12:11:41 INFO  : ----------------XSDB Script (After Launch)----------------
targets -set -nocase -filter {name =~ "*A9*#0"}
con
----------------End of Script----------------

12:11:41 INFO  : Launch script is exported to file '/home/danny/class/labs/lab11/software/lwip_1/webserver_system/_ide/scripts/debugger_webserver-default.tcl'
16:32:42 INFO  : Disconnected from the channel tcfchan#2.
